6/17/2023, 7:50:01 AM GET /campgrounds/new
6/17/2023, 7:50:28 AM POST /campgrounds
6/17/2023, 7:50:28 AM GET /campgrounds/648d1f7422bb41a324ef6902
6/17/2023, 7:57:42 AM GET /campgrounds/new
6/17/2023, 7:57:56 AM POST /campgrounds
6/17/2023, 7:57:56 AM GET /campgrounds/648d2134ec8a3bf4550c5cec
6/17/2023, 7:59:31 AM GET /campgrounds/648d2134ec8a3bf4550c5cec
6/17/2023, 7:59:49 AM GET /campgrounds/648d2131ec8a3bf4550c5cec
6/17/2023, 8:02:25 AM GET /campgrounds
6/17/2023, 8:02:26 AM GET /test
6/17/2023, 8:02:26 AM GET /testing
6/17/2023, 8:02:26 AM GET /feo
6/17/2023, 8:02:26 AM GET /asd
6/17/2023, 8:02:29 AM GET /campgrounds/648c33ad8f1eccb7b54160fc
6/17/2023, 8:03:48 AM GET /
6/17/2023, 8:03:52 AM GET /campgrounds
6/17/2023, 8:03:52 AM GET /asd.com
6/17/2023, 8:03:52 AM GET /test.com
6/17/2023, 8:03:52 AM GET /feo.com
6/17/2023, 8:03:52 AM GET /testing.com
6/17/2023, 8:04:28 AM GET /campgrounds/648d1f7422bb41a324ef6902
6/17/2023, 8:05:03 AM DELETE /campgrounds/648d1f7422bb41a324ef6902?_method=DELETE
6/17/2023, 8:05:03 AM GET /campgrounds
6/17/2023, 8:05:03 AM GET /asd.com
6/17/2023, 8:05:03 AM GET /test.com
6/17/2023, 8:05:03 AM GET /testing.com
6/17/2023, 8:06:34 AM GET /campgrounds
6/17/2023, 8:07:04 AM GET /campgrounds
6/17/2023, 8:08:10 AM GET /campgrounds/new
6/17/2023, 8:08:31 AM POST /campgrounds
6/17/2023, 8:08:31 AM GET /campgrounds/648d23af01a19e7bf984f884
6/17/2023, 8:08:46 AM GET /campgrounds
6/17/2023, 8:12:52 AM GET /campgrounds/648d23af01a19e7bf984f884
6/17/2023, 8:12:53 AM GET /campgrounds/648d23af01a19e7bf984f884/edit
6/17/2023, 8:13:03 AM PUT /campgrounds/648d23af01a19e7bf984f884?_method=PUT
6/17/2023, 8:13:05 AM DELETE /campgrounds/648d23af01a19e7bf984f884?_method=DELETE
6/17/2023, 8:13:05 AM GET /campgrounds
6/17/2023, 8:14:07 AM GET /
6/17/2023, 8:14:11 AM GET /campgrounds/new
6/17/2023, 8:14:18 AM POST /campgrounds
6/17/2023, 8:14:18 AM GET /campgrounds/648d250a2dac63931e6da0cd
6/17/2023, 8:15:25 AM GET /campgrounds/648d250a2dac63931e6da0cd?_method=DELETE
6/17/2023, 8:15:32 AM GET /campgrounds/648d250a2dac63931e6da0cd
6/17/2023, 8:17:32 AM GET /campgrounds
6/17/2023, 8:34:00 AM GET /campgrounds/648c33ad8f1eccb7b54160fc
6/17/2023, 8:34:02 AM GET /campgrounds/648c33ad8f1eccb7b5
6/17/2023, 8:34:10 AM GET /campgrounds/648c33ad8f1eccb7b54160fcasas
6/17/2023, 8:34:14 AM GET /campgrounds/648c33ad8f1eccb7b54160fc/edit
6/17/2023, 8:34:19 AM GET /campgrounds/648c33ad8/edit
6/17/2023, 8:34:27 AM GET /campgrounds/648c33ad8f1eccasb7b54160fc/edit
6/17/2023, 8:34:33 AM GET /campgrounds/648c33ad8f1eccb7b54160fc
6/17/2023, 8:34:36 AM DELETE /campgrounds/648c33ad8f1eccb7b54160fc?_method=DELETE
6/17/2023, 8:34:36 AM GET /campgrounds
6/17/2023, 8:39:25 AM GET /campgrounds/new
6/17/2023, 8:39:34 AM POST /campgrounds
6/17/2023, 8:39:51 AM POST /campgrounds
6/17/2023, 8:39:51 AM GET /campgrounds/648d2b07d0314b05baef4cec
6/17/2023, 8:39:51 AM GET /campgrounds/asas
6/17/2023, 8:41:29 AM GET /campgrounds
6/17/2023, 8:41:29 AM GET /asas
6/17/2023, 8:41:40 AM GET /campgrounds
6/17/2023, 8:41:40 AM GET /asas
6/17/2023, 8:41:41 AM GET /
6/17/2023, 8:42:25 AM GET /campgrounds/648d2b07d0314b05baef4cec
6/17/2023, 8:42:25 AM GET /campgrounds/asas
6/17/2023, 8:42:27 AM DELETE /campgrounds/648d2b07d0314b05baef4cec?_method=DELETE
6/17/2023, 8:42:27 AM GET /campgrounds
6/17/2023, 9:02:15 AM GET /campgrounds/new
6/17/2023, 9:02:20 AM POST /campgrounds
6/17/2023, 9:02:48 AM POST /campgrounds
6/17/2023, 9:03:50 AM POST /campgrounds
6/17/2023, 9:04:10 AM GET /campgrounds/new
6/17/2023, 9:04:14 AM GET /campgrounds
6/17/2023, 9:04:15 AM GET /campgroundsbjk
6/17/2023, 9:04:21 AM GET /campgrounds
6/17/2023, 9:04:23 AM GET /campgrounds/648c33ad8f1eccb7b54160fe
6/17/2023, 9:04:25 AM GET /campgrounds/648c33ad8f1eccb7b
6/17/2023, 9:04:34 AM GET /campgrounds/648c33ad8f1eccb7b54160fesa
6/17/2023, 9:04:42 AM GET /campgrounds/648c33ad8f1eccb7b54180fe
6/17/2023, 9:06:02 AM GET /campgrounds/648c33ad8f1eccb7b541
6/17/2023, 9:06:11 AM GET /campgrounds/new
6/17/2023, 9:06:15 AM POST /campgrounds
6/17/2023, 9:06:24 AM GET /campgrounds
